# JRE version: Java(TM) SE Runtime Environment (8.0_221-b11) (build 1.8.0_221-b11)
# Java VM: Java HotSpot(TM) 64-Bit Server VM (25.221-b11 mixed mode windows-amd64 compressed oops)
Heap:
 PSYoungGen      total 548864K, used 63845K [0x000000076b780000, 0x0000000799080000, 0x00000007c0000000)
  eden space 481792K, 12% used [0x000000076b780000,0x000000076f016b68,0x0000000788e00000)
  from space 67072K, 8% used [0x0000000788e00000,0x00000007893c2a98,0x000000078cf80000)
  to   space 103424K, 0% used [0x0000000792b80000,0x0000000792b80000,0x0000000799080000)
 ParOldGen       total 190464K, used 84548K [0x00000006c2600000, 0x00000006ce000000, 0x000000076b780000)
  object space 190464K, 44% used [0x00000006c2600000,0x00000006c78913b8,0x00000006ce000000)
 Metaspace       used 53155K, capacity 54942K, committed 55168K, reserved 1097728K
  class space    used 6336K, capacity 7010K, committed 7040K, reserved 1048576K
GC Heap History (10 events):
Event: 231.039 GC heap before
{Heap before GC invocations=25 (full 3):
 PSYoungGen      total 528896K, used 47099K [0x000000076b780000, 0x0000000792e00000, 0x00000007c0000000)
  eden space 481792K, 0% used [0x000000076b780000,0x000000076b780000,0x0000000788e00000)
  from space 47104K, 99% used [0x000000078cf80000,0x000000078fd7edf0,0x000000078fd80000)
  to   space 67072K, 0% used [0x0000000788e00000,0x0000000788e00000,0x000000078cf80000)
 ParOldGen       total 190464K, used 189953K [0x00000006c2600000, 0x00000006ce000000, 0x000000076b780000)
  object space 190464K, 99% used [0x00000006c2600000,0x00000006cdf80430,0x00000006ce000000)
 Metaspace       used 49295K, capacity 50962K, committed 51072K, reserved 1093632K
  class space    used 5867K, capacity 6507K, committed 6528K, reserved 1048576K
Event: 231.344 GC heap after
Heap after GC invocations=25 (full 3):
 PSYoungGen      total 528896K, used 7648K [0x000000076b780000, 0x0000000792e00000, 0x00000007c0000000)
  eden space 481792K, 0% used [0x000000076b780000,0x000000076b780000,0x0000000788e00000)
  from space 47104K, 16% used [0x000000078cf80000,0x000000078d6f8240,0x000000078fd80000)
  to   space 67072K, 0% used [0x0000000788e00000,0x0000000788e00000,0x000000078cf80000)
 ParOldGen       total 190464K, used 190300K [0x00000006c2600000, 0x00000006ce000000, 0x000000076b780000)
  object space 190464K, 99% used [0x00000006c2600000,0x00000006cdfd7348,0x00000006ce000000)
 Metaspace       used 49295K, capacity 50962K, committed 51072K, reserved 1093632K
  class space    used 5867K, capacity 6507K, committed 6528K, reserved 1048576K
}
Event: 232.685 GC heap before
{Heap before GC invocations=26 (full 4):
 PSYoungGen      total 528896K, used 489440K [0x000000076b780000, 0x0000000792e00000, 0x00000007c0000000)
  eden space 481792K, 100% used [0x000000076b780000,0x0000000788e00000,0x0000000788e00000)
  from space 47104K, 16% used [0x000000078cf80000,0x000000078d6f8240,0x000000078fd80000)
  to   space 67072K, 0% used [0x0000000788e00000,0x0000000788e00000,0x000000078cf80000)
 ParOldGen       total 190464K, used 190300K [0x00000006c2600000, 0x00000006ce000000, 0x000000076b780000)
  object space 190464K, 99% used [0x00000006c2600000,0x00000006cdfd7348,0x00000006ce000000)
 Metaspace       used 49300K, capacity 50962K, committed 51072K, reserved 1093632K
  class space    used 5867K, capacity 6507K, committed 6528K, reserved 1048576K
Event: 232.956 GC heap after
Heap after GC invocations=26 (full 4):
 PSYoungGen      total 528896K, used 30926K [0x000000076b780000, 0x0000000792e00000, 0x00000007c0000000)
  eden space 481792K, 6% used [0x000000076b780000,0x000000076d5b3840,0x0000000788e00000)
  from space 47104K, 0% used [0x000000078cf80000,0x000000078cf80000,0x000000078fd80000)
  to   space 67072K, 0% used [0x0000000788e00000,0x0000000788e00000,0x000000078cf80000)
 ParOldGen       total 190464K, used 190431K [0x00000006c2600000, 0x00000006ce000000, 0x000000076b780000)
  object space 190464K, 99% used [0x00000006c2600000,0x00000006cdff7e40,0x00000006ce000000)
 Metaspace       used 49300K, capacity 50962K, committed 51072K, reserved 1093632K
  class space    used 5867K, capacity 6507K, committed 6528K, reserved 1048576K
}
Event: 234.216 GC heap before
{Heap before GC invocations=27 (full 5):
 PSYoungGen      total 528896K, used 481792K [0x000000076b780000, 0x0000000792e00000, 0x00000007c0000000)
  eden space 481792K, 100% used [0x000000076b780000,0x0000000788e00000,0x0000000788e00000)
  from space 47104K, 0% used [0x000000078cf80000,0x000000078cf80000,0x000000078fd80000)
  to   space 67072K, 0% used [0x0000000788e00000,0x0000000788e00000,0x000000078cf80000)
 ParOldGen       total 190464K, used 190431K [0x00000006c2600000, 0x00000006ce000000, 0x000000076b780000)
  object space 190464K, 99% used [0x00000006c2600000,0x00000006cdff7e40,0x00000006ce000000)
 Metaspace       used 49302K, capacity 50962K, committed 51072K, reserved 1093632K
  class space    used 5867K, capacity 6507K, committed 6528K, reserved 1048576K
Event: 234.401 GC heap after
Heap after GC invocations=27 (full 5):
 PSYoungGen      total 528896K, used 51786K [0x000000076b780000, 0x0000000792e00000, 0x00000007c0000000)
  eden space 481792K, 10% used [0x000000076b780000,0x000000076ea12860,0x0000000788e00000)
  from space 47104K, 0% used [0x000000078cf80000,0x000000078cf80000,0x000000078fd80000)
  to   space 67072K, 0% used [0x0000000788e00000,0x0000000788e00000,0x000000078cf80000)
 ParOldGen       total 190464K, used 190444K [0x00000006c2600000, 0x00000006ce000000, 0x000000076b780000)
  object space 190464K, 99% used [0x00000006c2600000,0x00000006cdffb328,0x00000006ce000000)
 Metaspace       used 49302K, capacity 50962K, committed 51072K, reserved 1093632K
  class space    used 5867K, capacity 6507K, committed 6528K, reserved 1048576K
}
Event: 261.923 GC heap before
{Heap before GC invocations=28 (full 6):
 PSYoungGen      total 528896K, used 481792K [0x000000076b780000, 0x0000000792e00000, 0x00000007c0000000)
  eden space 481792K, 100% used [0x000000076b780000,0x0000000788e00000,0x0000000788e00000)
  from space 47104K, 0% used [0x000000078cf80000,0x000000078cf80000,0x000000078fd80000)
  to   space 67072K, 0% used [0x0000000788e00000,0x0000000788e00000,0x000000078cf80000)
 ParOldGen       total 190464K, used 190444K [0x00000006c2600000, 0x00000006ce000000, 0x000000076b780000)
  object space 190464K, 99% used [0x00000006c2600000,0x00000006cdffb328,0x00000006ce000000)
 Metaspace       used 52556K, capacity 54418K, committed 54656K, reserved 1097728K
  class space    used 6252K, capacity 6943K, committed 7040K, reserved 1048576K
Event: 261.995 GC heap after
Heap after GC invocations=28 (full 6):
 PSYoungGen      total 528896K, used 0K [0x000000076b780000, 0x0000000792e00000, 0x00000007c0000000)
  eden space 481792K, 0% used [0x000000076b780000,0x000000076b780000,0x0000000788e00000)
  from space 47104K, 0% used [0x000000078cf80000,0x000000078cf80000,0x000000078fd80000)
  to   space 67072K, 0% used [0x0000000788e00000,0x0000000788e00000,0x000000078cf80000)
 ParOldGen       total 190464K, used 84548K [0x00000006c2600000, 0x00000006ce000000, 0x000000076b780000)
  object space 190464K, 44% used [0x00000006c2600000,0x00000006c78913b8,0x00000006ce000000)
 Metaspace       used 52556K, capacity 54418K, committed 54656K, reserved 1097728K
  class space    used 6252K, capacity 6943K, committed 7040K, reserved 1048576K
}
Event: 274.756 GC heap before
{Heap before GC invocations=29 (full 6):
 PSYoungGen      total 528896K, used 481792K [0x000000076b780000, 0x0000000792e00000, 0x00000007c0000000)
  eden space 481792K, 100% used [0x000000076b780000,0x0000000788e00000,0x0000000788e00000)
  from space 47104K, 0% used [0x000000078cf80000,0x000000078cf80000,0x000000078fd80000)
  to   space 67072K, 0% used [0x0000000788e00000,0x0000000788e00000,0x000000078cf80000)
 ParOldGen       total 190464K, used 84548K [0x00000006c2600000, 0x00000006ce000000, 0x000000076b780000)
  object space 190464K, 44% used [0x00000006c2600000,0x00000006c78913b8,0x00000006ce000000)
 Metaspace       used 53154K, capacity 54942K, committed 55168K, reserved 1097728K
  class space    used 6336K, capacity 7010K, committed 7040K, reserved 1048576K
Event: 274.763 GC heap after
Heap after GC invocations=29 (full 6):
 PSYoungGen      total 548864K, used 5898K [0x000000076b780000, 0x0000000799080000, 0x00000007c0000000)
  eden space 481792K, 0% used [0x000000076b780000,0x000000076b780000,0x0000000788e00000)
  from space 67072K, 8% used [0x0000000788e00000,0x00000007893c2a98,0x000000078cf80000)
  to   space 103424K, 0% used [0x0000000792b80000,0x0000000792b80000,0x0000000799080000)
 ParOldGen       total 190464K, used 84548K [0x00000006c2600000, 0x00000006ce000000, 0x000000076b780000)
  object space 190464K, 44% used [0x00000006c2600000,0x00000006c78913b8,0x00000006ce000000)
 Metaspace       used 53154K, capacity 54942K, committed 55168K, reserved 1097728K
  class space    used 6336K, capacity 7010K, committed 7040K, reserved 1048576K
}

